2022-04-21 22:22:29,584 INFO org.apache.hadoop.yarn.server.resourcemanager.ResourceManager: STARTUP_MSG: 
/************************************************************
STARTUP_MSG: Starting ResourceManager
STARTUP_MSG:   host = dragon/172.28.176.135
STARTUP_MSG:   args = []
STARTUP_MSG:   version = 3.0.0-SNAPSHOT
STARTUP_MSG:   classpath = /home/samza/projects/work2/vScaling/Hadoop-vScaling/hadoop-dist/target/hadoop-3.0.0-SNAPSHOT/etc/hadoop:/home/samza/projects/work2/vScaling/Hadoop-vScaling/hadoop-dist/target/hadoop-3.0.0-SNAPSHOT/share/hadoop/common/lib/protobuf-java-2.5.0.jar:/home/samza/projects/work2/vScaling/Hadoop-vScaling/hadoop-dist/target/hadoop-3.0.0-SNAPSHOT/share/hadoop/common/lib/commons-beanutils-core-1.8.0.jar:/home/samza/projects/work2/vScaling/Hadoop-vScaling/hadoop-dist/target/hadoop-3.0.0-SNAPSHOT/share/hadoop/common/lib/commons-math3-3.1.1.jar:/home/samza/projects/work2/vScaling/Hadoop-vScaling/hadoop-dist/target/hadoop-3.0.0-SNAPSHOT/share/hadoop/common/lib/jcip-annotations-1.0.jar:/home/samza/projects/work2/vScaling/Hadoop-vScaling/hadoop-dist/target/hadoop-3.0.0-SNAPSHOT/share/hadoop/common/lib/curator-client-2.7.1.jar:/home/samza/projects/work2/vScaling/Hadoop-vScaling/hadoop-dist/target/hadoop-3.0.0-SNAPSHOT/share/hadoop/common/lib/commons-codec-1.4.jar:/home/samza/projects/work2/vScaling/Hadoop-vScaling/hadoop-dist/target/hadoop-3.0.0-SNAPSHOT/share/hadoop/common/lib/json-smart-1.1.1.jar:/home/samza/projects/work2/vScaling/Hadoop-vScaling/hadoop-dist/target/hadoop-3.0.0-SNAPSHOT/share/hadoop/common/lib/xmlenc-0.52.jar:/home/samza/projects/work2/vScaling/Hadoop-vScaling/hadoop-dist/target/hadoop-3.0.0-SNAPSHOT/share/hadoop/common/lib/gson-2.2.4.jar:/home/samza/projects/work2/vScaling/Hadoop-vScaling/hadoop-dist/target/hadoop-3.0.0-SNAPSHOT/share/hadoop/common/lib/jets3t-0.9.0.jar:/home/samza/projects/work2/vScaling/Hadoop-vScaling/hadoop-dist/target/hadoop-3.0.0-SNAPSHOT/share/hadoop/common/lib/jersey-json-1.9.jar:/home/samza/projects/work2/vScaling/Hadoop-vScaling/hadoop-dist/target/hadoop-3.0.0-SNAPSHOT/share/hadoop/common/lib/slf4j-log4j12-1.7.10.jar:/home/samza/projects/work2/vScaling/Hadoop-vScaling/hadoop-dist/target/hadoop-3.0.0-SNAPSHOT/share/hadoop/common/lib/commons-logging-1.1.3.jar:/home/samza/projects/work2/vScaling/Hadoop-vScaling/hadoop-dist/target/hadoop-3.0.0-SNAPSHOT/share/hadoop/common/lib/guava-11.0.2.jar:/home/samza/projects/work2/vScaling/Hadoop-vScaling/hadoop-dist/target/hadoop-3.0.0-SNAPSHOT/share/hadoop/common/lib/jaxb-impl-2.2.3-1.jar:/home/samza/projects/work2/vScaling/Hadoop-vScaling/hadoop-dist/target/hadoop-3.0.0-SNAPSHOT/share/hadoop/common/lib/activation-1.1.jar:/home/samza/projects/work2/vScaling/Hadoop-vScaling/hadoop-dist/target/hadoop-3.0.0-SNAPSHOT/share/hadoop/common/lib/jackson-jaxrs-1.9.13.jar:/home/samza/projects/work2/vScaling/Hadoop-vScaling/hadoop-dist/target/hadoop-3.0.0-SNAPSHOT/share/hadoop/common/lib/jettison-1.1.jar:/home/samza/projects/work2/vScaling/Hadoop-vScaling/hadoop-dist/target/hadoop-3.0.0-SNAPSHOT/share/hadoop/common/lib/java-xmlbuilder-0.4.jar:/home/samza/projects/work2/vScaling/Hadoop-vScaling/hadoop-dist/target/hadoop-3.0.0-SNAPSHOT/share/hadoop/common/lib/jaxb-api-2.2.2.jar:/home/samza/projects/work2/vScaling/Hadoop-vScaling/hadoop-dist/target/hadoop-3.0.0-SNAPSHOT/share/hadoop/common/lib/commons-digester-1.8.jar:/home/samza/projects/work2/vScaling/Hadoop-vScaling/hadoop-dist/target/hadoop-3.0.0-SNAPSHOT/share/hadoop/common/lib/httpclient-4.2.5.jar:/home/samza/projects/work2/vScaling/Hadoop-vScaling/hadoop-dist/target/hadoop-3.0.0-SNAPSHOT/share/hadoop/common/lib/commons-cli-1.2.jar:/home/samza/projects/work2/vScaling/Hadoop-vScaling/hadoop-dist/target/hadoop-3.0.0-SNAPSHOT/share/hadoop/common/lib/snappy-java-1.0.4.1.jar:/home/samza/projects/work2/vScaling/Hadoop-vScaling/hadoop-dist/target/hadoop-3.0.0-SNAPSHOT/share/hadoop/common/lib/jersey-core-1.9.jar:/home/samza/projects/work2/vScaling/Hadoop-vScaling/hadoop-dist/target/hadoop-3.0.0-SNAPSHOT/share/hadoop/common/lib/jackson-xc-1.9.13.jar:/home/samza/projects/work2/vScaling/Hadoop-vScaling/hadoop-dist/target/hadoop-3.0.0-SNAPSHOT/share/hadoop/common/lib/apacheds-kerberos-codec-2.0.0-M15.jar:/home/samza/projects/work2/vScaling/Hadoop-vScaling/hadoop-dist/target/hadoop-3.0.0-SNAPSHOT/share/hadoop/common/lib/commons-lang-2.6.jar:/home/samza/projects/work2/vScaling/Hadoop-vScaling/hadoop-dist/target/hadoop-3.0.0-SNAPSHOT/share/hadoop/common/lib/jetty-util-6.1.26.jar:/home/samza/projects/work2/vScaling/Hadoop-vScaling/hadoop-dist/target/hadoop-3.0.0-SNAPSHOT/share/hadoop/common/lib/apacheds-i18n-2.0.0-M15.jar:/home/samza/projects/work2/vScaling/Hadoop-vScaling/hadoop-dist/target/hadoop-3.0.0-SNAPSHOT/share/hadoop/common/lib/commons-compress-1.4.1.jar:/home/samza/projects/work2/vScaling/Hadoop-vScaling/hadoop-dist/target/hadoop-3.0.0-SNAPSHOT/share/hadoop/common/lib/commons-httpclient-3.1.jar:/home/samza/projects/work2/vScaling/Hadoop-vScaling/hadoop-dist/target/hadoop-3.0.0-SNAPSHOT/share/hadoop/common/lib/jsch-0.1.42.jar:/home/samza/projects/work2/vScaling/Hadoop-vScaling/hadoop-dist/target/hadoop-3.0.0-SNAPSHOT/share/hadoop/common/lib/mockito-all-1.8.5.jar:/home/samza/projects/work2/vScaling/Hadoop-vScaling/hadoop-dist/target/hadoop-3.0.0-SNAPSHOT/share/hadoop/common/lib/xz-1.0.jar:/home/samza/projects/work2/vScaling/Hadoop-vScaling/hadoop-dist/target/hadoop-3.0.0-SNAPSHOT/share/hadoop/common/lib/zookeeper-3.4.6.jar:/home/samza/projects/work2/vScaling/Hadoop-vScaling/hadoop-dist/target/hadoop-3.0.0-SNAPSHOT/share/hadoop/common/lib/jetty-6.1.26.jar:/home/samza/projects/work2/vScaling/Hadoop-vScaling/hadoop-dist/target/hadoop-3.0.0-SNAPSHOT/share/hadoop/common/lib/paranamer-2.3.jar:/home/samza/projects/work2/vScaling/Hadoop-vScaling/hadoop-dist/target/hadoop-3.0.0-SNAPSHOT/share/hadoop/common/lib/jsp-api-2.1.jar:/home/samza/projects/work2/vScaling/Hadoop-vScaling/hadoop-dist/target/hadoop-3.0.0-SNAPSHOT/share/hadoop/common/lib/jackson-mapper-asl-1.9.13.jar:/home/samza/projects/work2/vScaling/Hadoop-vScaling/hadoop-dist/target/hadoop-3.0.0-SNAPSHOT/share/hadoop/common/lib/api-asn1-api-1.0.0-M20.jar:/home/samza/projects/work2/vScaling/Hadoop-vScaling/hadoop-dist/target/hadoop-3.0.0-SNAPSHOT/share/hadoop/common/lib/commons-configuration-1.6.jar:/home/samza/projects/work2/vScaling/Hadoop-vScaling/hadoop-dist/target/hadoop-3.0.0-SNAPSHOT/share/hadoop/common/lib/curator-framework-2.7.1.jar:/home/samza/projects/work2/vScaling/Hadoop-vScaling/hadoop-dist/target/hadoop-3.0.0-SNAPSHOT/share/hadoop/common/lib/curator-recipes-2.7.1.jar:/home/samza/projects/work2/vScaling/Hadoop-vScaling/hadoop-dist/target/hadoop-3.0.0-SNAPSHOT/share/hadoop/common/lib/log4j-1.2.17.jar:/home/samza/projects/work2/vScaling/Hadoop-vScaling/hadoop-dist/target/hadoop-3.0.0-SNAPSHOT/share/hadoop/common/lib/jersey-server-1.9.jar:/home/samza/projects/work2/vScaling/Hadoop-vScaling/hadoop-dist/target/hadoop-3.0.0-SNAPSHOT/share/hadoop/common/lib/asm-3.2.jar:/home/samza/projects/work2/vScaling/Hadoop-vScaling/hadoop-dist/target/hadoop-3.0.0-SNAPSHOT/share/hadoop/common/lib/junit-4.11.jar:/home/samza/projects/work2/vScaling/Hadoop-vScaling/hadoop-dist/target/hadoop-3.0.0-SNAPSHOT/share/hadoop/common/lib/netty-3.6.2.Final.jar:/home/samza/projects/work2/vScaling/Hadoop-vScaling/hadoop-dist/target/hadoop-3.0.0-SNAPSHOT/share/hadoop/common/lib/stax-api-1.0-2.jar:/home/samza/projects/work2/vScaling/Hadoop-vScaling/hadoop-dist/target/hadoop-3.0.0-SNAPSHOT/share/hadoop/common/lib/servlet-api-2.5.jar:/home/samza/projects/work2/vScaling/Hadoop-vScaling/hadoop-dist/target/hadoop-3.0.0-SNAPSHOT/share/hadoop/common/lib/nimbus-jose-jwt-3.9.jar:/home/samza/projects/work2/vScaling/Hadoop-vScaling/hadoop-dist/target/hadoop-3.0.0-SNAPSHOT/share/hadoop/common/lib/hadoop-annotations-3.0.0-SNAPSHOT.jar:/home/samza/projects/work2/vScaling/Hadoop-vScaling/hadoop-dist/target/hadoop-3.0.0-SNAPSHOT/share/hadoop/common/lib/api-util-1.0.0-M20.jar:/home/samza/projects/work2/vScaling/Hadoop-vScaling/hadoop-dist/target/hadoop-3.0.0-SNAPSHOT/share/hadoop/common/lib/commons-net-3.1.jar:/home/samza/projects/work2/vScaling/Hadoop-vScaling/hadoop-dist/target/hadoop-3.0.0-SNAPSHOT/share/hadoop/common/lib/commons-collections-3.2.1.jar:/home/samza/projects/work2/vScaling/Hadoop-vScaling/hadoop-dist/target/hadoop-3.0.0-SNAPSHOT/share/hadoop/common/lib/jsr305-3.0.0.jar:/home/samza/projects/work2/vScaling/Hadoop-vScaling/hadoop-dist/target/hadoop-3.0.0-SNAPSHOT/share/hadoop/common/lib/hamcrest-core-1.3.jar:/home/samza/projects/work2/vScaling/Hadoop-vScaling/hadoop-dist/target/hadoop-3.0.0-SNAPSHOT/share/hadoop/common/lib/avro-1.7.4.jar:/home/samza/projects/work2/vScaling/Hadoop-vScaling/hadoop-dist/target/hadoop-3.0.0-SNAPSHOT/share/hadoop/common/lib/hadoop-auth-3.0.0-SNAPSHOT.jar:/home/samza/projects/work2/vScaling/Hadoop-vScaling/hadoop-dist/target/hadoop-3.0.0-SNAPSHOT/share/hadoop/common/lib/commons-io-2.4.jar:/home/samza/projects/work2/vScaling/Hadoop-vScaling/hadoop-dist/target/hadoop-3.0.0-SNAPSHOT/share/hadoop/common/lib/htrace-core-3.2.0-incubating.jar:/home/samza/projects/work2/vScaling/Hadoop-vScaling/hadoop-dist/target/hadoop-3.0.0-SNAPSHOT/share/hadoop/common/lib/httpcore-4.2.5.jar:/home/samza/projects/work2/vScaling/Hadoop-vScaling/hadoop-dist/target/hadoop-3.0.0-SNAPSHOT/share/hadoop/common/lib/slf4j-api-1.7.10.jar:/home/samza/projects/work2/vScaling/Hadoop-vScaling/hadoop-dist/target/hadoop-3.0.0-SNAPSHOT/share/hadoop/common/lib/jackson-core-asl-1.9.13.jar:/home/samza/projects/work2/vScaling/Hadoop-vScaling/hadoop-dist/target/hadoop-3.0.0-SNAPSHOT/share/hadoop/common/lib/commons-beanutils-1.7.0.jar:/home/samza/projects/work2/vScaling/Hadoop-vScaling/hadoop-dist/target/hadoop-3.0.0-SNAPSHOT/share/hadoop/common/hadoop-common-3.0.0-SNAPSHOT-tests.jar:/home/samza/projects/work2/vScaling/Hadoop-vScaling/hadoop-dist/target/hadoop-3.0.0-SNAPSHOT/share/hadoop/common/hadoop-nfs-3.0.0-SNAPSHOT.jar:/home/samza/projects/work2/vScaling/Hadoop-vScaling/hadoop-dist/target/hadoop-3.0.0-SNAPSHOT/share/hadoop/common/hadoop-common-3.0.0-SNAPSHOT.jar:/home/samza/projects/work2/vScaling/Hadoop-vScaling/hadoop-dist/target/hadoop-3.0.0-SNAPSHOT/share/hadoop/hdfs:/home/samza/projects/work2/vScaling/Hadoop-vScaling/hadoop-dist/target/hadoop-3.0.0-SNAPSHOT/share/hadoop/hdfs/lib/netty-all-4.1.0.Beta5.jar:/home/samza/projects/work2/vScaling/Hadoop-vScaling/hadoop-dist/target/hadoop-3.0.0-SNAPSHOT/share/hadoop/hdfs/lib/okio-1.4.0.jar:/home/samza/projects/work2/vScaling/Hadoop-vScaling/hadoop-dist/target/hadoop-3.0.0-SNAPSHOT/share/hadoop/hdfs/lib/commons-daemon-1.0.13.jar:/home/samza/projects/work2/vScaling/Hadoop-vScaling/hadoop-dist/target/hadoop-3.0.0-SNAPSHOT/share/hadoop/hdfs/lib/xml-apis-1.3.04.jar:/home/samza/projects/work2/vScaling/Hadoop-vScaling/hadoop-dist/target/hadoop-3.0.0-SNAPSHOT/share/hadoop/hdfs/lib/xercesImpl-2.9.1.jar:/home/samza/projects/work2/vScaling/Hadoop-vScaling/hadoop-dist/target/hadoop-3.0.0-SNAPSHOT/share/hadoop/hdfs/lib/okhttp-2.4.0.jar:/home/samza/projects/work2/vScaling/Hadoop-vScaling/hadoop-dist/target/hadoop-3.0.0-SNAPSHOT/share/hadoop/hdfs/lib/leveldbjni-all-1.8.jar:/home/samza/projects/work2/vScaling/Hadoop-vScaling/hadoop-dist/target/hadoop-3.0.0-SNAPSHOT/share/hadoop/hdfs/lib/hadoop-hdfs-client-3.0.0-SNAPSHOT.jar:/home/samza/projects/work2/vScaling/Hadoop-vScaling/hadoop-dist/target/hadoop-3.0.0-SNAPSHOT/share/hadoop/hdfs/lib/hpack-0.11.0.jar:/home/samza/projects/work2/vScaling/Hadoop-vScaling/hadoop-dist/target/hadoop-3.0.0-SNAPSHOT/share/hadoop/hdfs/hadoop-hdfs-3.0.0-SNAPSHOT.jar:/home/samza/projects/work2/vScaling/Hadoop-vScaling/hadoop-dist/target/hadoop-3.0.0-SNAPSHOT/share/hadoop/hdfs/hadoop-hdfs-nfs-3.0.0-SNAPSHOT.jar:/home/samza/projects/work2/vScaling/Hadoop-vScaling/hadoop-dist/target/hadoop-3.0.0-SNAPSHOT/share/hadoop/hdfs/hadoop-hdfs-3.0.0-SNAPSHOT-tests.jar:/home/samza/projects/work2/vScaling/Hadoop-vScaling/hadoop-dist/target/hadoop-3.0.0-SNAPSHOT/share/hadoop/mapreduce/hadoop-mapreduce-client-jobclient-3.0.0-SNAPSHOT-tests.jar:/home/samza/projects/work2/vScaling/Hadoop-vScaling/hadoop-dist/target/hadoop-3.0.0-SNAPSHOT/share/hadoop/mapreduce/hadoop-mapreduce-client-nativetask-3.0.0-SNAPSHOT.jar:/home/samza/projects/work2/vScaling/Hadoop-vScaling/hadoop-dist/target/hadoop-3.0.0-SNAPSHOT/share/hadoop/mapreduce/hadoop-mapreduce-client-jobclient-3.0.0-SNAPSHOT.jar:/home/samza/projects/work2/vScaling/Hadoop-vScaling/hadoop-dist/target/hadoop-3.0.0-SNAPSHOT/share/hadoop/mapreduce/hadoop-mapreduce-client-app-3.0.0-SNAPSHOT.jar:/home/samza/projects/work2/vScaling/Hadoop-vScaling/hadoop-dist/target/hadoop-3.0.0-SNAPSHOT/share/hadoop/mapreduce/hadoop-mapreduce-client-core-3.0.0-SNAPSHOT.jar:/home/samza/projects/work2/vScaling/Hadoop-vScaling/hadoop-dist/target/hadoop-3.0.0-SNAPSHOT/share/hadoop/mapreduce/hadoop-mapreduce-client-shuffle-3.0.0-SNAPSHOT.jar:/home/samza/projects/work2/vScaling/Hadoop-vScaling/hadoop-dist/target/hadoop-3.0.0-SNAPSHOT/share/hadoop/mapreduce/hadoop-mapreduce-client-hs-3.0.0-SNAPSHOT.jar:/home/samza/projects/work2/vScaling/Hadoop-vScaling/hadoop-dist/target/hadoop-3.0.0-SNAPSHOT/share/hadoop/mapreduce/hadoop-mapreduce-client-common-3.0.0-SNAPSHOT.jar:/home/samza/projects/work2/vScaling/Hadoop-vScaling/hadoop-dist/target/hadoop-3.0.0-SNAPSHOT/share/hadoop/mapreduce/hadoop-mapreduce-client-hs-plugins-3.0.0-SNAPSHOT.jar:/home/samza/projects/work2/vScaling/Hadoop-vScaling/hadoop-dist/target/hadoop-3.0.0-SNAPSHOT/share/hadoop/mapreduce/hadoop-mapreduce-examples-3.0.0-SNAPSHOT.jar:/home/samza/projects/work2/vScaling/Hadoop-vScaling/hadoop-dist/target/hadoop-3.0.0-SNAPSHOT/share/hadoop/yarn/lib/fst-2.24.jar:/home/samza/projects/work2/vScaling/Hadoop-vScaling/hadoop-dist/target/hadoop-3.0.0-SNAPSHOT/share/hadoop/yarn/lib/javax.inject-1.jar:/home/samza/projects/work2/vScaling/Hadoop-vScaling/hadoop-dist/target/hadoop-3.0.0-SNAPSHOT/share/hadoop/yarn/lib/jersey-client-1.9.jar:/home/samza/projects/work2/vScaling/Hadoop-vScaling/hadoop-dist/target/hadoop-3.0.0-SNAPSHOT/share/hadoop/yarn/lib/javassist-3.18.1-GA.jar:/home/samza/projects/work2/vScaling/Hadoop-vScaling/hadoop-dist/target/hadoop-3.0.0-SNAPSHOT/share/hadoop/yarn/lib/guice-3.0.jar:/home/samza/projects/work2/vScaling/Hadoop-vScaling/hadoop-dist/target/hadoop-3.0.0-SNAPSHOT/share/hadoop/yarn/lib/jersey-guice-1.9.jar:/home/samza/projects/work2/vScaling/Hadoop-vScaling/hadoop-dist/target/hadoop-3.0.0-SNAPSHOT/share/hadoop/yarn/lib/aopalliance-1.0.jar:/home/samza/projects/work2/vScaling/Hadoop-vScaling/hadoop-dist/target/hadoop-3.0.0-SNAPSHOT/share/hadoop/yarn/lib/zookeeper-3.4.6-tests.jar:/home/samza/projects/work2/vScaling/Hadoop-vScaling/hadoop-dist/target/hadoop-3.0.0-SNAPSHOT/share/hadoop/yarn/lib/objenesis-2.1.jar:/home/samza/projects/work2/vScaling/Hadoop-vScaling/hadoop-dist/target/hadoop-3.0.0-SNAPSHOT/share/hadoop/yarn/lib/guice-servlet-3.0.jar:/home/samza/projects/work2/vScaling/Hadoop-vScaling/hadoop-dist/target/hadoop-3.0.0-SNAPSHOT/share/hadoop/yarn/lib/curator-test-2.7.1.jar:/home/samza/projects/work2/vScaling/Hadoop-vScaling/hadoop-dist/target/hadoop-3.0.0-SNAPSHOT/share/hadoop/yarn/lib/commons-math-2.2.jar:/home/samza/projects/work2/vScaling/Hadoop-vScaling/hadoop-dist/target/hadoop-3.0.0-SNAPSHOT/share/hadoop/yarn/hadoop-yarn-applications-distributedshell-3.0.0-SNAPSHOT.jar:/home/samza/projects/work2/vScaling/Hadoop-vScaling/hadoop-dist/target/hadoop-3.0.0-SNAPSHOT/share/hadoop/yarn/hadoop-yarn-server-tests-3.0.0-SNAPSHOT.jar:/home/samza/projects/work2/vScaling/Hadoop-vScaling/hadoop-dist/target/hadoop-3.0.0-SNAPSHOT/share/hadoop/yarn/hadoop-yarn-server-applicationhistoryservice-3.0.0-SNAPSHOT.jar:/home/samza/projects/work2/vScaling/Hadoop-vScaling/hadoop-dist/target/hadoop-3.0.0-SNAPSHOT/share/hadoop/yarn/hadoop-yarn-client-3.0.0-SNAPSHOT.jar:/home/samza/projects/work2/vScaling/Hadoop-vScaling/hadoop-dist/target/hadoop-3.0.0-SNAPSHOT/share/hadoop/yarn/hadoop-yarn-api-3.0.0-SNAPSHOT.jar:/home/samza/projects/work2/vScaling/Hadoop-vScaling/hadoop-dist/target/hadoop-3.0.0-SNAPSHOT/share/hadoop/yarn/hadoop-yarn-applications-unmanaged-am-launcher-3.0.0-SNAPSHOT.jar:/home/samza/projects/work2/vScaling/Hadoop-vScaling/hadoop-dist/target/hadoop-3.0.0-SNAPSHOT/share/hadoop/yarn/hadoop-yarn-server-nodemanager-3.0.0-SNAPSHOT.jar:/home/samza/projects/work2/vScaling/Hadoop-vScaling/hadoop-dist/target/hadoop-3.0.0-SNAPSHOT/share/hadoop/yarn/hadoop-yarn-server-web-proxy-3.0.0-SNAPSHOT.jar:/home/samza/projects/work2/vScaling/Hadoop-vScaling/hadoop-dist/target/hadoop-3.0.0-SNAPSHOT/share/hadoop/yarn/hadoop-yarn-server-sharedcachemanager-3.0.0-SNAPSHOT.jar:/home/samza/projects/work2/vScaling/Hadoop-vScaling/hadoop-dist/target/hadoop-3.0.0-SNAPSHOT/share/hadoop/yarn/hadoop-yarn-registry-3.0.0-SNAPSHOT.jar:/home/samza/projects/work2/vScaling/Hadoop-vScaling/hadoop-dist/target/hadoop-3.0.0-SNAPSHOT/share/hadoop/yarn/hadoop-yarn-server-resourcemanager-3.0.0-SNAPSHOT.jar:/home/samza/projects/work2/vScaling/Hadoop-vScaling/hadoop-dist/target/hadoop-3.0.0-SNAPSHOT/share/hadoop/yarn/hadoop-yarn-common-3.0.0-SNAPSHOT.jar:/home/samza/projects/work2/vScaling/Hadoop-vScaling/hadoop-dist/target/hadoop-3.0.0-SNAPSHOT/share/hadoop/yarn/hadoop-yarn-server-common-3.0.0-SNAPSHOT.jar
STARTUP_MSG:   build = https://github.com/RG-Dou/Hadoop-YarnVerticalScaling -r 111fb61547cd27b79c6e17bc7b6fcfa55ffc807a; compiled by 'samza' on 2022-04-21T13:05Z
STARTUP_MSG:   java = 1.8.0_312
************************************************************/
2022-04-21 22:22:29,592 INFO org.apache.hadoop.yarn.server.resourcemanager.ResourceManager: registered UNIX signal handlers for [TERM, HUP, INT]
2022-04-21 22:22:29,776 INFO org.apache.hadoop.conf.Configuration: found resource core-site.xml at file:/home/samza/projects/work2/vScaling/Hadoop-vScaling/hadoop-dist/target/hadoop-3.0.0-SNAPSHOT/etc/hadoop/core-site.xml
2022-04-21 22:22:29,803 WARN org.apache.hadoop.util.NativeCodeLoader: Unable to load native-hadoop library for your platform... using builtin-java classes where applicable
2022-04-21 22:22:29,823 INFO org.apache.hadoop.security.Groups: clearing userToGroupsMap cache
2022-04-21 22:22:29,863 INFO org.apache.hadoop.conf.Configuration: found resource yarn-site.xml at file:/home/samza/projects/work2/vScaling/Hadoop-vScaling/hadoop-dist/target/hadoop-3.0.0-SNAPSHOT/etc/hadoop/yarn-site.xml
2022-04-21 22:22:29,964 INFO org.apache.hadoop.yarn.event.AsyncDispatcher: Registering class org.apache.hadoop.yarn.server.resourcemanager.RMFatalEventType for class org.apache.hadoop.yarn.server.resourcemanager.ResourceManager$RMFatalEventDispatcher
2022-04-21 22:22:30,015 INFO org.apache.hadoop.yarn.server.resourcemanager.security.NMTokenSecretManagerInRM: NMTokenKeyRollingInterval: 86400000ms and NMTokenKeyActivationDelay: 900000ms
2022-04-21 22:22:30,018 INFO org.apache.hadoop.yarn.server.resourcemanager.security.RMContainerTokenSecretManager: ContainerTokenKeyRollingInterval: 86400000ms and ContainerTokenKeyActivationDelay: 900000ms
2022-04-21 22:22:30,021 INFO org.apache.hadoop.yarn.server.resourcemanager.security.AMRMTokenSecretManager: AMRMTokenKeyRollingInterval: 86400000ms and AMRMTokenKeyActivationDelay: 900000 ms
2022-04-21 22:22:30,044 INFO org.apache.hadoop.yarn.event.AsyncDispatcher: Registering class org.apache.hadoop.yarn.server.resourcemanager.recovery.RMStateStoreEventType for class org.apache.hadoop.yarn.server.resourcemanager.recovery.RMStateStore$ForwardingEventHandler
2022-04-21 22:22:30,045 INFO org.apache.hadoop.yarn.event.AsyncDispatcher: Registering class org.apache.hadoop.yarn.server.resourcemanager.NodesListManagerEventType for class org.apache.hadoop.yarn.server.resourcemanager.NodesListManager
2022-04-21 22:22:30,045 INFO org.apache.hadoop.yarn.server.resourcemanager.ResourceManager: Using Scheduler: org.apache.hadoop.yarn.server.resourcemanager.scheduler.capacity.CapacityScheduler
2022-04-21 22:22:30,058 INFO org.apache.hadoop.yarn.event.AsyncDispatcher: Registering class org.apache.hadoop.yarn.server.resourcemanager.scheduler.event.SchedulerEventType for class org.apache.hadoop.yarn.server.resourcemanager.ResourceManager$SchedulerEventDispatcher
2022-04-21 22:22:30,059 INFO org.apache.hadoop.yarn.event.AsyncDispatcher: Registering class org.apache.hadoop.yarn.server.resourcemanager.rmapp.RMAppEventType for class org.apache.hadoop.yarn.server.resourcemanager.ResourceManager$ApplicationEventDispatcher
2022-04-21 22:22:30,059 INFO org.apache.hadoop.yarn.event.AsyncDispatcher: Registering class org.apache.hadoop.yarn.server.resourcemanager.rmapp.attempt.RMAppAttemptEventType for class org.apache.hadoop.yarn.server.resourcemanager.ResourceManager$ApplicationAttemptEventDispatcher
2022-04-21 22:22:30,060 INFO org.apache.hadoop.yarn.event.AsyncDispatcher: Registering class org.apache.hadoop.yarn.server.resourcemanager.rmnode.RMNodeEventType for class org.apache.hadoop.yarn.server.resourcemanager.ResourceManager$NodeEventDispatcher
2022-04-21 22:22:30,092 INFO org.apache.hadoop.metrics2.impl.MetricsConfig: loaded properties from hadoop-metrics2.properties
2022-04-21 22:22:30,180 INFO org.apache.hadoop.metrics2.impl.MetricsSystemImpl: Scheduled snapshot period at 10 second(s).
2022-04-21 22:22:30,180 INFO org.apache.hadoop.metrics2.impl.MetricsSystemImpl: ResourceManager metrics system started
2022-04-21 22:22:30,189 INFO org.apache.hadoop.yarn.event.AsyncDispatcher: Registering class org.apache.hadoop.yarn.server.resourcemanager.RMAppManagerEventType for class org.apache.hadoop.yarn.server.resourcemanager.RMAppManager
2022-04-21 22:22:30,195 INFO org.apache.hadoop.yarn.event.AsyncDispatcher: Registering class org.apache.hadoop.yarn.server.resourcemanager.amlauncher.AMLauncherEventType for class org.apache.hadoop.yarn.server.resourcemanager.amlauncher.ApplicationMasterLauncher
2022-04-21 22:22:30,196 INFO org.apache.hadoop.yarn.server.resourcemanager.RMNMInfo: Registered RMNMInfo MBean
2022-04-21 22:22:30,200 INFO org.apache.hadoop.yarn.security.YarnAuthorizationProvider: org.apache.hadoop.yarn.security.ConfiguredYarnAuthorizer is instiantiated.
2022-04-21 22:22:30,201 INFO org.apache.hadoop.util.HostsFileReader: Refreshing hosts (include/exclude) list
2022-04-21 22:22:30,206 INFO org.apache.hadoop.conf.Configuration: found resource capacity-scheduler.xml at file:/home/samza/projects/work2/vScaling/Hadoop-vScaling/hadoop-dist/target/hadoop-3.0.0-SNAPSHOT/etc/hadoop/capacity-scheduler.xml
2022-04-21 22:22:30,238 INFO org.apache.hadoop.yarn.server.resourcemanager.scheduler.capacity.CapacitySchedulerConfiguration: max alloc mb per queue for root is undefined
2022-04-21 22:22:30,238 INFO org.apache.hadoop.yarn.server.resourcemanager.scheduler.capacity.CapacitySchedulerConfiguration: max alloc vcore per queue for root is undefined
2022-04-21 22:22:30,246 INFO org.apache.hadoop.yarn.server.resourcemanager.scheduler.capacity.ParentQueue: root, capacity=1.0, asboluteCapacity=1.0, maxCapacity=1.0, asboluteMaxCapacity=1.0, state=RUNNING, acls=SUBMIT_APP:*ADMINISTER_QUEUE:*, labels=*,
, reservationsContinueLooking=true
2022-04-21 22:22:30,246 INFO org.apache.hadoop.yarn.server.resourcemanager.scheduler.capacity.ParentQueue: Initialized parent-queue root name=root, fullname=root
2022-04-21 22:22:30,251 INFO org.apache.hadoop.yarn.server.resourcemanager.scheduler.capacity.CapacitySchedulerConfiguration: max alloc mb per queue for root.default is undefined
2022-04-21 22:22:30,251 INFO org.apache.hadoop.yarn.server.resourcemanager.scheduler.capacity.CapacitySchedulerConfiguration: max alloc vcore per queue for root.default is undefined
2022-04-21 22:22:30,254 INFO org.apache.hadoop.yarn.server.resourcemanager.scheduler.capacity.LeafQueue: Initializing default
capacity = 1.0 [= (float) configuredCapacity / 100 ]
asboluteCapacity = 1.0 [= parentAbsoluteCapacity * capacity ]
maxCapacity = 1.0 [= configuredMaxCapacity ]
absoluteMaxCapacity = 1.0 [= 1.0 maximumCapacity undefined, (parentAbsoluteMaxCapacity * maximumCapacity) / 100 otherwise ]
userLimit = 100 [= configuredUserLimit ]
userLimitFactor = 1.0 [= configuredUserLimitFactor ]
maxApplications = 10000 [= configuredMaximumSystemApplicationsPerQueue or (int)(configuredMaximumSystemApplications * absoluteCapacity)]
maxApplicationsPerUser = 10000 [= (int)(maxApplications * (userLimit / 100.0f) * userLimitFactor) ]
usedCapacity = 0.0 [= usedResourcesMemory / (clusterResourceMemory * absoluteCapacity)]
absoluteUsedCapacity = 0.0 [= usedResourcesMemory / clusterResourceMemory]
maxAMResourcePerQueuePercent = 0.1 [= configuredMaximumAMResourcePercent ]
minimumAllocationFactor = 0.99993896 [= (float)(maximumAllocationMemory - minimumAllocationMemory) / maximumAllocationMemory ]
maximumAllocation = <memory:16384, vCores:16> [= configuredMaxAllocation ]
numContainers = 0 [= currentNumContainers ]
state = RUNNING [= configuredState ]
acls = SUBMIT_APP:*ADMINISTER_QUEUE:* [= configuredAcls ]
nodeLocalityDelay = 40
labels=*,
nodeLocalityDelay = 40
reservationsContinueLooking = true
preemptionDisabled = true
defaultAppPriorityPerQueue = 0
2022-04-21 22:22:30,254 INFO org.apache.hadoop.yarn.server.resourcemanager.scheduler.capacity.CapacityScheduler: Initialized queue: default: capacity=1.0, absoluteCapacity=1.0, usedResources=<memory:0, vCores:0>, usedCapacity=0.0, absoluteUsedCapacity=0.0, numApps=0, numContainers=0
2022-04-21 22:22:30,254 INFO org.apache.hadoop.yarn.server.resourcemanager.scheduler.capacity.CapacityScheduler: Initialized queue: root: numChildQueue= 1, capacity=1.0, absoluteCapacity=1.0, usedResources=<memory:0, vCores:0>usedCapacity=0.0, numApps=0, numContainers=0
2022-04-21 22:22:30,255 INFO org.apache.hadoop.yarn.server.resourcemanager.scheduler.capacity.CapacityScheduler: Initialized root queue root: numChildQueue= 1, capacity=1.0, absoluteCapacity=1.0, usedResources=<memory:0, vCores:0>usedCapacity=0.0, numApps=0, numContainers=0
2022-04-21 22:22:30,255 INFO org.apache.hadoop.yarn.server.resourcemanager.scheduler.capacity.CapacityScheduler: Initialized queue mappings, override: false
2022-04-21 22:22:30,255 INFO org.apache.hadoop.yarn.server.resourcemanager.scheduler.capacity.CapacityScheduler: Initialized CapacityScheduler with calculator=class org.apache.hadoop.yarn.util.resource.DominantResourceCalculator, minimumAllocation=<<memory:1, vCores:1>>, maximumAllocation=<<memory:16384, vCores:16>>, asynchronousScheduling=false, asyncScheduleInterval=5ms
2022-04-21 22:22:30,263 INFO org.apache.hadoop.yarn.server.resourcemanager.metrics.SystemMetricsPublisher: YARN system metrics publishing service is not enabled
2022-04-21 22:22:30,263 INFO org.apache.hadoop.yarn.server.resourcemanager.ResourceManager: Transitioning to active state
2022-04-21 22:22:30,276 INFO org.apache.hadoop.yarn.server.resourcemanager.recovery.RMStateStore: Updating AMRMToken
2022-04-21 22:22:30,276 INFO org.apache.hadoop.yarn.server.resourcemanager.security.RMContainerTokenSecretManager: Rolling master-key for container-tokens
2022-04-21 22:22:30,276 INFO org.apache.hadoop.yarn.server.resourcemanager.security.NMTokenSecretManagerInRM: Rolling master-key for nm-tokens
2022-04-21 22:22:30,277 INFO org.apache.hadoop.security.token.delegation.AbstractDelegationTokenSecretManager: Updating the current master key for generating delegation tokens
2022-04-21 22:22:30,277 INFO org.apache.hadoop.yarn.server.resourcemanager.security.RMDelegationTokenSecretManager: storing master key with keyID 1
2022-04-21 22:22:30,277 INFO org.apache.hadoop.yarn.server.resourcemanager.recovery.RMStateStore: Storing RMDTMasterKey.
2022-04-21 22:22:30,278 INFO org.apache.hadoop.security.token.delegation.AbstractDelegationTokenSecretManager: Starting expired delegation token remover thread, tokenRemoverScanInterval=60 min(s)
2022-04-21 22:22:30,278 INFO org.apache.hadoop.security.token.delegation.AbstractDelegationTokenSecretManager: Updating the current master key for generating delegation tokens
2022-04-21 22:22:30,278 INFO org.apache.hadoop.yarn.server.resourcemanager.security.RMDelegationTokenSecretManager: storing master key with keyID 2
2022-04-21 22:22:30,278 INFO org.apache.hadoop.yarn.server.resourcemanager.recovery.RMStateStore: Storing RMDTMasterKey.
2022-04-21 22:22:30,279 INFO org.apache.hadoop.yarn.event.AsyncDispatcher: Registering class org.apache.hadoop.yarn.nodelabels.event.NodeLabelsStoreEventType for class org.apache.hadoop.yarn.nodelabels.CommonNodeLabelsManager$ForwardingEventHandler
2022-04-21 22:22:30,299 INFO org.apache.hadoop.ipc.CallQueueManager: Using callQueue class java.util.concurrent.LinkedBlockingQueue
2022-04-21 22:22:30,313 INFO org.apache.hadoop.ipc.Server: Starting Socket Reader #1 for port 8031
2022-04-21 22:22:30,323 INFO org.apache.hadoop.yarn.factories.impl.pb.RpcServerFactoryPBImpl: Adding protocol org.apache.hadoop.yarn.server.api.ResourceTrackerPB to the server
2022-04-21 22:22:30,324 INFO org.apache.hadoop.ipc.Server: IPC Server Responder: starting
2022-04-21 22:22:30,324 INFO org.apache.hadoop.ipc.Server: IPC Server listener on 8031: starting
2022-04-21 22:22:30,371 INFO org.apache.hadoop.ipc.CallQueueManager: Using callQueue class java.util.concurrent.LinkedBlockingQueue
2022-04-21 22:22:30,375 INFO org.apache.hadoop.ipc.Server: Starting Socket Reader #1 for port 8030
2022-04-21 22:22:30,383 INFO org.apache.hadoop.yarn.factories.impl.pb.RpcServerFactoryPBImpl: Adding protocol org.apache.hadoop.yarn.api.ApplicationMasterProtocolPB to the server
2022-04-21 22:22:30,384 INFO org.apache.hadoop.ipc.Server: IPC Server Responder: starting
2022-04-21 22:22:30,384 INFO org.apache.hadoop.ipc.Server: IPC Server listener on 8030: starting
2022-04-21 22:22:30,422 INFO org.apache.hadoop.ipc.CallQueueManager: Using callQueue class java.util.concurrent.LinkedBlockingQueue
2022-04-21 22:22:30,422 INFO org.apache.hadoop.ipc.Server: Starting Socket Reader #1 for port 8032
2022-04-21 22:22:30,424 INFO org.apache.hadoop.yarn.factories.impl.pb.RpcServerFactoryPBImpl: Adding protocol org.apache.hadoop.yarn.api.ApplicationClientProtocolPB to the server
2022-04-21 22:22:30,424 INFO org.apache.hadoop.ipc.Server: IPC Server listener on 8032: starting
2022-04-21 22:22:30,424 INFO org.apache.hadoop.ipc.Server: IPC Server Responder: starting
2022-04-21 22:22:30,434 INFO org.apache.hadoop.yarn.server.resourcemanager.ResourceManager: Transitioned to active state
2022-04-21 22:22:30,483 INFO org.mortbay.log: Logging to org.slf4j.impl.Log4jLoggerAdapter(org.mortbay.log) via org.mortbay.log.Slf4jLog
2022-04-21 22:22:30,488 INFO org.apache.hadoop.security.authentication.server.AuthenticationFilter: Unable to initialize FileSignerSecretProvider, falling back to use random secrets.
2022-04-21 22:22:30,492 INFO org.apache.hadoop.http.HttpRequestLog: Http request log for http.requests.resourcemanager is not defined
2022-04-21 22:22:30,498 INFO org.apache.hadoop.http.HttpServer2: Added global filter 'safety' (class=org.apache.hadoop.http.HttpServer2$QuotingInputFilter)
2022-04-21 22:22:30,500 INFO org.apache.hadoop.http.HttpServer2: Added filter RMAuthenticationFilter (class=org.apache.hadoop.yarn.server.security.http.RMAuthenticationFilter) to context cluster
2022-04-21 22:22:30,500 INFO org.apache.hadoop.http.HttpServer2: Added filter RMAuthenticationFilter (class=org.apache.hadoop.yarn.server.security.http.RMAuthenticationFilter) to context static
2022-04-21 22:22:30,500 INFO org.apache.hadoop.http.HttpServer2: Added filter RMAuthenticationFilter (class=org.apache.hadoop.yarn.server.security.http.RMAuthenticationFilter) to context logs
2022-04-21 22:22:30,501 INFO org.apache.hadoop.http.HttpServer2: Added filter static_user_filter (class=org.apache.hadoop.http.lib.StaticUserWebFilter$StaticUserFilter) to context cluster
2022-04-21 22:22:30,501 INFO org.apache.hadoop.http.HttpServer2: Added filter static_user_filter (class=org.apache.hadoop.http.lib.StaticUserWebFilter$StaticUserFilter) to context static
2022-04-21 22:22:30,501 INFO org.apache.hadoop.http.HttpServer2: Added filter static_user_filter (class=org.apache.hadoop.http.lib.StaticUserWebFilter$StaticUserFilter) to context logs
2022-04-21 22:22:30,503 INFO org.apache.hadoop.http.HttpServer2: adding path spec: /cluster/*
2022-04-21 22:22:30,503 INFO org.apache.hadoop.http.HttpServer2: adding path spec: /ws/*
2022-04-21 22:22:30,510 INFO org.apache.hadoop.http.HttpServer2: Jetty bound to port 8088
2022-04-21 22:22:30,511 INFO org.mortbay.log: jetty-6.1.26
2022-04-21 22:22:30,529 INFO org.mortbay.log: Extract jar:file:/home/samza/projects/work2/vScaling/Hadoop-vScaling/hadoop-dist/target/hadoop-3.0.0-SNAPSHOT/share/hadoop/yarn/hadoop-yarn-common-3.0.0-SNAPSHOT.jar!/webapps/cluster to /tmp/Jetty_0_0_0_0_8088_cluster____u0rgz3/webapp
2022-04-21 22:22:30,637 INFO org.apache.hadoop.security.token.delegation.AbstractDelegationTokenSecretManager: Updating the current master key for generating delegation tokens
2022-04-21 22:22:30,638 INFO org.apache.hadoop.security.token.delegation.AbstractDelegationTokenSecretManager: Starting expired delegation token remover thread, tokenRemoverScanInterval=60 min(s)
2022-04-21 22:22:30,638 INFO org.apache.hadoop.security.token.delegation.AbstractDelegationTokenSecretManager: Updating the current master key for generating delegation tokens
2022-04-21 22:22:30,643 INFO org.mortbay.log: Started SelectChannelConnector@0.0.0.0:8088
2022-04-21 22:22:30,643 INFO org.apache.hadoop.yarn.webapp.WebApps: Web app /cluster started at 8088
2022-04-21 22:22:30,895 INFO org.apache.hadoop.yarn.webapp.WebApps: Registered webapp guice modules
2022-04-21 22:22:30,915 INFO org.apache.hadoop.ipc.CallQueueManager: Using callQueue class java.util.concurrent.LinkedBlockingQueue
2022-04-21 22:22:30,915 INFO org.apache.hadoop.ipc.Server: Starting Socket Reader #1 for port 8033
2022-04-21 22:22:30,916 INFO org.apache.hadoop.yarn.factories.impl.pb.RpcServerFactoryPBImpl: Adding protocol org.apache.hadoop.yarn.server.api.ResourceManagerAdministrationProtocolPB to the server
2022-04-21 22:22:30,917 INFO org.apache.hadoop.ipc.Server: IPC Server Responder: starting
2022-04-21 22:22:30,917 INFO org.apache.hadoop.ipc.Server: IPC Server listener on 8033: starting
2022-04-21 22:24:29,588 INFO org.apache.hadoop.yarn.server.resourcemanager.ResourceTrackerService: NodeManager from node dragon(cmPort: 36823 httpPort: 8042) registered with capability: <memory:65536, vCores:50>, assigned nodeId dragon:36823
2022-04-21 22:24:29,591 INFO org.apache.hadoop.yarn.server.resourcemanager.rmnode.RMNodeImpl: dragon:36823 Node Transitioned from NEW to RUNNING
2022-04-21 22:24:29,596 INFO org.apache.hadoop.yarn.server.resourcemanager.scheduler.capacity.CapacityScheduler: Added node dragon:36823 clusterResource: <memory:65536, vCores:50>
2022-04-21 22:25:04,086 ERROR org.apache.hadoop.yarn.server.resourcemanager.ResourceManager: RECEIVED SIGNAL 15: SIGTERM
2022-04-21 22:25:04,094 ERROR org.apache.hadoop.security.token.delegation.AbstractDelegationTokenSecretManager: ExpiredTokenRemover received java.lang.InterruptedException: sleep interrupted
2022-04-21 22:25:04,095 INFO org.mortbay.log: Stopped SelectChannelConnector@0.0.0.0:8088
2022-04-21 22:25:04,196 INFO org.apache.hadoop.ipc.Server: Stopping server on 8032
2022-04-21 22:25:04,197 INFO org.apache.hadoop.ipc.Server: Stopping IPC Server listener on 8032
2022-04-21 22:25:04,198 INFO org.apache.hadoop.ipc.Server: Stopping server on 8033
2022-04-21 22:25:04,198 INFO org.apache.hadoop.ipc.Server: Stopping IPC Server listener on 8033
2022-04-21 22:25:04,198 INFO org.apache.hadoop.ipc.Server: Stopping IPC Server Responder
2022-04-21 22:25:04,198 INFO org.apache.hadoop.ipc.Server: Stopping IPC Server Responder
2022-04-21 22:25:04,200 INFO org.apache.hadoop.yarn.server.resourcemanager.ResourceManager: Transitioning to standby state
2022-04-21 22:25:04,201 WARN org.apache.hadoop.yarn.server.resourcemanager.amlauncher.ApplicationMasterLauncher: org.apache.hadoop.yarn.server.resourcemanager.amlauncher.ApplicationMasterLauncher$LauncherThread interrupted. Returning.
2022-04-21 22:25:04,201 INFO org.apache.hadoop.ipc.Server: Stopping server on 8030
2022-04-21 22:25:04,202 INFO org.apache.hadoop.ipc.Server: Stopping IPC Server listener on 8030
2022-04-21 22:25:04,202 INFO org.apache.hadoop.ipc.Server: Stopping server on 8031
2022-04-21 22:25:04,203 INFO org.apache.hadoop.ipc.Server: Stopping IPC Server Responder
2022-04-21 22:25:04,203 INFO org.apache.hadoop.ipc.Server: Stopping IPC Server listener on 8031
2022-04-21 22:25:04,203 ERROR org.apache.hadoop.yarn.server.resourcemanager.ResourceManager: Returning, interrupted : java.lang.InterruptedException
2022-04-21 22:25:04,204 INFO org.apache.hadoop.ipc.Server: Stopping IPC Server Responder
2022-04-21 22:25:04,204 INFO org.apache.hadoop.yarn.util.AbstractLivelinessMonitor: NMLivelinessMonitor thread interrupted
2022-04-21 22:25:04,205 INFO org.apache.hadoop.yarn.event.AsyncDispatcher: AsyncDispatcher is draining to stop, igonring any new events.
2022-04-21 22:25:04,207 INFO org.apache.hadoop.yarn.util.AbstractLivelinessMonitor: AMLivelinessMonitor thread interrupted
2022-04-21 22:25:04,207 INFO org.apache.hadoop.yarn.util.AbstractLivelinessMonitor: org.apache.hadoop.yarn.server.resourcemanager.rmcontainer.ContainerAllocationExpirer thread interrupted
2022-04-21 22:25:04,207 ERROR org.apache.hadoop.security.token.delegation.AbstractDelegationTokenSecretManager: ExpiredTokenRemover received java.lang.InterruptedException: sleep interrupted
2022-04-21 22:25:04,207 INFO org.apache.hadoop.yarn.util.AbstractLivelinessMonitor: AMLivelinessMonitor thread interrupted
2022-04-21 22:25:04,208 INFO org.apache.hadoop.metrics2.impl.MetricsSystemImpl: Stopping ResourceManager metrics system...
2022-04-21 22:25:04,210 INFO org.apache.hadoop.metrics2.impl.MetricsSystemImpl: ResourceManager metrics system stopped.
2022-04-21 22:25:04,210 INFO org.apache.hadoop.metrics2.impl.MetricsSystemImpl: ResourceManager metrics system shutdown complete.
2022-04-21 22:25:04,210 INFO org.apache.hadoop.yarn.event.AsyncDispatcher: AsyncDispatcher is draining to stop, igonring any new events.
2022-04-21 22:25:04,211 INFO org.apache.hadoop.yarn.server.resourcemanager.ResourceManager: Transitioned to standby state
2022-04-21 22:25:04,211 INFO org.apache.hadoop.yarn.server.resourcemanager.ResourceManager: SHUTDOWN_MSG: 
/************************************************************
SHUTDOWN_MSG: Shutting down ResourceManager at dragon/172.28.176.135
************************************************************/
2022-04-23 15:25:26,886 INFO org.apache.hadoop.yarn.server.resourcemanager.ResourceManager: STARTUP_MSG: 
/************************************************************
STARTUP_MSG: Starting ResourceManager
STARTUP_MSG:   host = dragon/172.28.176.135
STARTUP_MSG:   args = []
STARTUP_MSG:   version = 3.0.0-SNAPSHOT
STARTUP_MSG:   classpath = /home/samza/projects/work2/vScaling/Hadoop-vScaling/hadoop-dist/target/hadoop-3.0.0-SNAPSHOT/etc/hadoop:/home/samza/projects/work2/vScaling/Hadoop-vScaling/hadoop-dist/target/hadoop-3.0.0-SNAPSHOT/share/hadoop/common/lib/protobuf-java-2.5.0.jar:/home/samza/projects/work2/vScaling/Hadoop-vScaling/hadoop-dist/target/hadoop-3.0.0-SNAPSHOT/share/hadoop/common/lib/commons-beanutils-core-1.8.0.jar:/home/samza/projects/work2/vScaling/Hadoop-vScaling/hadoop-dist/target/hadoop-3.0.0-SNAPSHOT/share/hadoop/common/lib/commons-math3-3.1.1.jar:/home/samza/projects/work2/vScaling/Hadoop-vScaling/hadoop-dist/target/hadoop-3.0.0-SNAPSHOT/share/hadoop/common/lib/jcip-annotations-1.0.jar:/home/samza/projects/work2/vScaling/Hadoop-vScaling/hadoop-dist/target/hadoop-3.0.0-SNAPSHOT/share/hadoop/common/lib/curator-client-2.7.1.jar:/home/samza/projects/work2/vScaling/Hadoop-vScaling/hadoop-dist/target/hadoop-3.0.0-SNAPSHOT/share/hadoop/common/lib/commons-codec-1.4.jar:/home/samza/projects/work2/vScaling/Hadoop-vScaling/hadoop-dist/target/hadoop-3.0.0-SNAPSHOT/share/hadoop/common/lib/json-smart-1.1.1.jar:/home/samza/projects/work2/vScaling/Hadoop-vScaling/hadoop-dist/target/hadoop-3.0.0-SNAPSHOT/share/hadoop/common/lib/xmlenc-0.52.jar:/home/samza/projects/work2/vScaling/Hadoop-vScaling/hadoop-dist/target/hadoop-3.0.0-SNAPSHOT/share/hadoop/common/lib/gson-2.2.4.jar:/home/samza/projects/work2/vScaling/Hadoop-vScaling/hadoop-dist/target/hadoop-3.0.0-SNAPSHOT/share/hadoop/common/lib/jets3t-0.9.0.jar:/home/samza/projects/work2/vScaling/Hadoop-vScaling/hadoop-dist/target/hadoop-3.0.0-SNAPSHOT/share/hadoop/common/lib/jersey-json-1.9.jar:/home/samza/projects/work2/vScaling/Hadoop-vScaling/hadoop-dist/target/hadoop-3.0.0-SNAPSHOT/share/hadoop/common/lib/slf4j-log4j12-1.7.10.jar:/home/samza/projects/work2/vScaling/Hadoop-vScaling/hadoop-dist/target/hadoop-3.0.0-SNAPSHOT/share/hadoop/common/lib/commons-logging-1.1.3.jar:/home/samza/projects/work2/vScaling/Hadoop-vScaling/hadoop-dist/target/hadoop-3.0.0-SNAPSHOT/share/hadoop/common/lib/guava-11.0.2.jar:/home/samza/projects/work2/vScaling/Hadoop-vScaling/hadoop-dist/target/hadoop-3.0.0-SNAPSHOT/share/hadoop/common/lib/jaxb-impl-2.2.3-1.jar:/home/samza/projects/work2/vScaling/Hadoop-vScaling/hadoop-dist/target/hadoop-3.0.0-SNAPSHOT/share/hadoop/common/lib/activation-1.1.jar:/home/samza/projects/work2/vScaling/Hadoop-vScaling/hadoop-dist/target/hadoop-3.0.0-SNAPSHOT/share/hadoop/common/lib/jackson-jaxrs-1.9.13.jar:/home/samza/projects/work2/vScaling/Hadoop-vScaling/hadoop-dist/target/hadoop-3.0.0-SNAPSHOT/share/hadoop/common/lib/jettison-1.1.jar:/home/samza/projects/work2/vScaling/Hadoop-vScaling/hadoop-dist/target/hadoop-3.0.0-SNAPSHOT/share/hadoop/common/lib/java-xmlbuilder-0.4.jar:/home/samza/projects/work2/vScaling/Hadoop-vScaling/hadoop-dist/target/hadoop-3.0.0-SNAPSHOT/share/hadoop/common/lib/jaxb-api-2.2.2.jar:/home/samza/projects/work2/vScaling/Hadoop-vScaling/hadoop-dist/target/hadoop-3.0.0-SNAPSHOT/share/hadoop/common/lib/commons-digester-1.8.jar:/home/samza/projects/work2/vScaling/Hadoop-vScaling/hadoop-dist/target/hadoop-3.0.0-SNAPSHOT/share/hadoop/common/lib/httpclient-4.2.5.jar:/home/samza/projects/work2/vScaling/Hadoop-vScaling/hadoop-dist/target/hadoop-3.0.0-SNAPSHOT/share/hadoop/common/lib/commons-cli-1.2.jar:/home/samza/projects/work2/vScaling/Hadoop-vScaling/hadoop-dist/target/hadoop-3.0.0-SNAPSHOT/share/hadoop/common/lib/snappy-java-1.0.4.1.jar:/home/samza/projects/work2/vScaling/Hadoop-vScaling/hadoop-dist/target/hadoop-3.0.0-SNAPSHOT/share/hadoop/common/lib/jersey-core-1.9.jar:/home/samza/projects/work2/vScaling/Hadoop-vScaling/hadoop-dist/target/hadoop-3.0.0-SNAPSHOT/share/hadoop/common/lib/jackson-xc-1.9.13.jar:/home/samza/projects/work2/vScaling/Hadoop-vScaling/hadoop-dist/target/hadoop-3.0.0-SNAPSHOT/share/hadoop/common/lib/apacheds-kerberos-codec-2.0.0-M15.jar:/home/samza/projects/work2/vScaling/Hadoop-vScaling/hadoop-dist/target/hadoop-3.0.0-SNAPSHOT/share/hadoop/common/lib/commons-lang-2.6.jar:/home/samza/projects/work2/vScaling/Hadoop-vScaling/hadoop-dist/target/hadoop-3.0.0-SNAPSHOT/share/hadoop/common/lib/jetty-util-6.1.26.jar:/home/samza/projects/work2/vScaling/Hadoop-vScaling/hadoop-dist/target/hadoop-3.0.0-SNAPSHOT/share/hadoop/common/lib/apacheds-i18n-2.0.0-M15.jar:/home/samza/projects/work2/vScaling/Hadoop-vScaling/hadoop-dist/target/hadoop-3.0.0-SNAPSHOT/share/hadoop/common/lib/commons-compress-1.4.1.jar:/home/samza/projects/work2/vScaling/Hadoop-vScaling/hadoop-dist/target/hadoop-3.0.0-SNAPSHOT/share/hadoop/common/lib/commons-httpclient-3.1.jar:/home/samza/projects/work2/vScaling/Hadoop-vScaling/hadoop-dist/target/hadoop-3.0.0-SNAPSHOT/share/hadoop/common/lib/jsch-0.1.42.jar:/home/samza/projects/work2/vScaling/Hadoop-vScaling/hadoop-dist/target/hadoop-3.0.0-SNAPSHOT/share/hadoop/common/lib/mockito-all-1.8.5.jar:/home/samza/projects/work2/vScaling/Hadoop-vScaling/hadoop-dist/target/hadoop-3.0.0-SNAPSHOT/share/hadoop/common/lib/xz-1.0.jar:/home/samza/projects/work2/vScaling/Hadoop-vScaling/hadoop-dist/target/hadoop-3.0.0-SNAPSHOT/share/hadoop/common/lib/zookeeper-3.4.6.jar:/home/samza/projects/work2/vScaling/Hadoop-vScaling/hadoop-dist/target/hadoop-3.0.0-SNAPSHOT/share/hadoop/common/lib/jetty-6.1.26.jar:/home/samza/projects/work2/vScaling/Hadoop-vScaling/hadoop-dist/target/hadoop-3.0.0-SNAPSHOT/share/hadoop/common/lib/paranamer-2.3.jar:/home/samza/projects/work2/vScaling/Hadoop-vScaling/hadoop-dist/target/hadoop-3.0.0-SNAPSHOT/share/hadoop/common/lib/jsp-api-2.1.jar:/home/samza/projects/work2/vScaling/Hadoop-vScaling/hadoop-dist/target/hadoop-3.0.0-SNAPSHOT/share/hadoop/common/lib/jackson-mapper-asl-1.9.13.jar:/home/samza/projects/work2/vScaling/Hadoop-vScaling/hadoop-dist/target/hadoop-3.0.0-SNAPSHOT/share/hadoop/common/lib/api-asn1-api-1.0.0-M20.jar:/home/samza/projects/work2/vScaling/Hadoop-vScaling/hadoop-dist/target/hadoop-3.0.0-SNAPSHOT/share/hadoop/common/lib/commons-configuration-1.6.jar:/home/samza/projects/work2/vScaling/Hadoop-vScaling/hadoop-dist/target/hadoop-3.0.0-SNAPSHOT/share/hadoop/common/lib/curator-framework-2.7.1.jar:/home/samza/projects/work2/vScaling/Hadoop-vScaling/hadoop-dist/target/hadoop-3.0.0-SNAPSHOT/share/hadoop/common/lib/curator-recipes-2.7.1.jar:/home/samza/projects/work2/vScaling/Hadoop-vScaling/hadoop-dist/target/hadoop-3.0.0-SNAPSHOT/share/hadoop/common/lib/log4j-1.2.17.jar:/home/samza/projects/work2/vScaling/Hadoop-vScaling/hadoop-dist/target/hadoop-3.0.0-SNAPSHOT/share/hadoop/common/lib/jersey-server-1.9.jar:/home/samza/projects/work2/vScaling/Hadoop-vScaling/hadoop-dist/target/hadoop-3.0.0-SNAPSHOT/share/hadoop/common/lib/asm-3.2.jar:/home/samza/projects/work2/vScaling/Hadoop-vScaling/hadoop-dist/target/hadoop-3.0.0-SNAPSHOT/share/hadoop/common/lib/junit-4.11.jar:/home/samza/projects/work2/vScaling/Hadoop-vScaling/hadoop-dist/target/hadoop-3.0.0-SNAPSHOT/share/hadoop/common/lib/netty-3.6.2.Final.jar:/home/samza/projects/work2/vScaling/Hadoop-vScaling/hadoop-dist/target/hadoop-3.0.0-SNAPSHOT/share/hadoop/common/lib/stax-api-1.0-2.jar:/home/samza/projects/work2/vScaling/Hadoop-vScaling/hadoop-dist/target/hadoop-3.0.0-SNAPSHOT/share/hadoop/common/lib/servlet-api-2.5.jar:/home/samza/projects/work2/vScaling/Hadoop-vScaling/hadoop-dist/target/hadoop-3.0.0-SNAPSHOT/share/hadoop/common/lib/nimbus-jose-jwt-3.9.jar:/home/samza/projects/work2/vScaling/Hadoop-vScaling/hadoop-dist/target/hadoop-3.0.0-SNAPSHOT/share/hadoop/common/lib/hadoop-annotations-3.0.0-SNAPSHOT.jar:/home/samza/projects/work2/vScaling/Hadoop-vScaling/hadoop-dist/target/hadoop-3.0.0-SNAPSHOT/share/hadoop/common/lib/api-util-1.0.0-M20.jar:/home/samza/projects/work2/vScaling/Hadoop-vScaling/hadoop-dist/target/hadoop-3.0.0-SNAPSHOT/share/hadoop/common/lib/commons-net-3.1.jar:/home/samza/projects/work2/vScaling/Hadoop-vScaling/hadoop-dist/target/hadoop-3.0.0-SNAPSHOT/share/hadoop/common/lib/commons-collections-3.2.1.jar:/home/samza/projects/work2/vScaling/Hadoop-vScaling/hadoop-dist/target/hadoop-3.0.0-SNAPSHOT/share/hadoop/common/lib/jsr305-3.0.0.jar:/home/samza/projects/work2/vScaling/Hadoop-vScaling/hadoop-dist/target/hadoop-3.0.0-SNAPSHOT/share/hadoop/common/lib/hamcrest-core-1.3.jar:/home/samza/projects/work2/vScaling/Hadoop-vScaling/hadoop-dist/target/hadoop-3.0.0-SNAPSHOT/share/hadoop/common/lib/avro-1.7.4.jar:/home/samza/projects/work2/vScaling/Hadoop-vScaling/hadoop-dist/target/hadoop-3.0.0-SNAPSHOT/share/hadoop/common/lib/hadoop-auth-3.0.0-SNAPSHOT.jar:/home/samza/projects/work2/vScaling/Hadoop-vScaling/hadoop-dist/target/hadoop-3.0.0-SNAPSHOT/share/hadoop/common/lib/commons-io-2.4.jar:/home/samza/projects/work2/vScaling/Hadoop-vScaling/hadoop-dist/target/hadoop-3.0.0-SNAPSHOT/share/hadoop/common/lib/htrace-core-3.2.0-incubating.jar:/home/samza/projects/work2/vScaling/Hadoop-vScaling/hadoop-dist/target/hadoop-3.0.0-SNAPSHOT/share/hadoop/common/lib/httpcore-4.2.5.jar:/home/samza/projects/work2/vScaling/Hadoop-vScaling/hadoop-dist/target/hadoop-3.0.0-SNAPSHOT/share/hadoop/common/lib/slf4j-api-1.7.10.jar:/home/samza/projects/work2/vScaling/Hadoop-vScaling/hadoop-dist/target/hadoop-3.0.0-SNAPSHOT/share/hadoop/common/lib/jackson-core-asl-1.9.13.jar:/home/samza/projects/work2/vScaling/Hadoop-vScaling/hadoop-dist/target/hadoop-3.0.0-SNAPSHOT/share/hadoop/common/lib/commons-beanutils-1.7.0.jar:/home/samza/projects/work2/vScaling/Hadoop-vScaling/hadoop-dist/target/hadoop-3.0.0-SNAPSHOT/share/hadoop/common/hadoop-common-3.0.0-SNAPSHOT-tests.jar:/home/samza/projects/work2/vScaling/Hadoop-vScaling/hadoop-dist/target/hadoop-3.0.0-SNAPSHOT/share/hadoop/common/hadoop-nfs-3.0.0-SNAPSHOT.jar:/home/samza/projects/work2/vScaling/Hadoop-vScaling/hadoop-dist/target/hadoop-3.0.0-SNAPSHOT/share/hadoop/common/hadoop-common-3.0.0-SNAPSHOT.jar:/home/samza/projects/work2/vScaling/Hadoop-vScaling/hadoop-dist/target/hadoop-3.0.0-SNAPSHOT/share/hadoop/hdfs:/home/samza/projects/work2/vScaling/Hadoop-vScaling/hadoop-dist/target/hadoop-3.0.0-SNAPSHOT/share/hadoop/hdfs/lib/netty-all-4.1.0.Beta5.jar:/home/samza/projects/work2/vScaling/Hadoop-vScaling/hadoop-dist/target/hadoop-3.0.0-SNAPSHOT/share/hadoop/hdfs/lib/okio-1.4.0.jar:/home/samza/projects/work2/vScaling/Hadoop-vScaling/hadoop-dist/target/hadoop-3.0.0-SNAPSHOT/share/hadoop/hdfs/lib/commons-daemon-1.0.13.jar:/home/samza/projects/work2/vScaling/Hadoop-vScaling/hadoop-dist/target/hadoop-3.0.0-SNAPSHOT/share/hadoop/hdfs/lib/xml-apis-1.3.04.jar:/home/samza/projects/work2/vScaling/Hadoop-vScaling/hadoop-dist/target/hadoop-3.0.0-SNAPSHOT/share/hadoop/hdfs/lib/xercesImpl-2.9.1.jar:/home/samza/projects/work2/vScaling/Hadoop-vScaling/hadoop-dist/target/hadoop-3.0.0-SNAPSHOT/share/hadoop/hdfs/lib/okhttp-2.4.0.jar:/home/samza/projects/work2/vScaling/Hadoop-vScaling/hadoop-dist/target/hadoop-3.0.0-SNAPSHOT/share/hadoop/hdfs/lib/leveldbjni-all-1.8.jar:/home/samza/projects/work2/vScaling/Hadoop-vScaling/hadoop-dist/target/hadoop-3.0.0-SNAPSHOT/share/hadoop/hdfs/lib/hadoop-hdfs-client-3.0.0-SNAPSHOT.jar:/home/samza/projects/work2/vScaling/Hadoop-vScaling/hadoop-dist/target/hadoop-3.0.0-SNAPSHOT/share/hadoop/hdfs/lib/hpack-0.11.0.jar:/home/samza/projects/work2/vScaling/Hadoop-vScaling/hadoop-dist/target/hadoop-3.0.0-SNAPSHOT/share/hadoop/hdfs/hadoop-hdfs-3.0.0-SNAPSHOT.jar:/home/samza/projects/work2/vScaling/Hadoop-vScaling/hadoop-dist/target/hadoop-3.0.0-SNAPSHOT/share/hadoop/hdfs/hadoop-hdfs-nfs-3.0.0-SNAPSHOT.jar:/home/samza/projects/work2/vScaling/Hadoop-vScaling/hadoop-dist/target/hadoop-3.0.0-SNAPSHOT/share/hadoop/hdfs/hadoop-hdfs-3.0.0-SNAPSHOT-tests.jar:/home/samza/projects/work2/vScaling/Hadoop-vScaling/hadoop-dist/target/hadoop-3.0.0-SNAPSHOT/share/hadoop/mapreduce/hadoop-mapreduce-client-jobclient-3.0.0-SNAPSHOT-tests.jar:/home/samza/projects/work2/vScaling/Hadoop-vScaling/hadoop-dist/target/hadoop-3.0.0-SNAPSHOT/share/hadoop/mapreduce/hadoop-mapreduce-client-nativetask-3.0.0-SNAPSHOT.jar:/home/samza/projects/work2/vScaling/Hadoop-vScaling/hadoop-dist/target/hadoop-3.0.0-SNAPSHOT/share/hadoop/mapreduce/hadoop-mapreduce-client-jobclient-3.0.0-SNAPSHOT.jar:/home/samza/projects/work2/vScaling/Hadoop-vScaling/hadoop-dist/target/hadoop-3.0.0-SNAPSHOT/share/hadoop/mapreduce/hadoop-mapreduce-client-app-3.0.0-SNAPSHOT.jar:/home/samza/projects/work2/vScaling/Hadoop-vScaling/hadoop-dist/target/hadoop-3.0.0-SNAPSHOT/share/hadoop/mapreduce/hadoop-mapreduce-client-core-3.0.0-SNAPSHOT.jar:/home/samza/projects/work2/vScaling/Hadoop-vScaling/hadoop-dist/target/hadoop-3.0.0-SNAPSHOT/share/hadoop/mapreduce/hadoop-mapreduce-client-shuffle-3.0.0-SNAPSHOT.jar:/home/samza/projects/work2/vScaling/Hadoop-vScaling/hadoop-dist/target/hadoop-3.0.0-SNAPSHOT/share/hadoop/mapreduce/hadoop-mapreduce-client-hs-3.0.0-SNAPSHOT.jar:/home/samza/projects/work2/vScaling/Hadoop-vScaling/hadoop-dist/target/hadoop-3.0.0-SNAPSHOT/share/hadoop/mapreduce/hadoop-mapreduce-client-common-3.0.0-SNAPSHOT.jar:/home/samza/projects/work2/vScaling/Hadoop-vScaling/hadoop-dist/target/hadoop-3.0.0-SNAPSHOT/share/hadoop/mapreduce/hadoop-mapreduce-client-hs-plugins-3.0.0-SNAPSHOT.jar:/home/samza/projects/work2/vScaling/Hadoop-vScaling/hadoop-dist/target/hadoop-3.0.0-SNAPSHOT/share/hadoop/mapreduce/hadoop-mapreduce-examples-3.0.0-SNAPSHOT.jar:/home/samza/projects/work2/vScaling/Hadoop-vScaling/hadoop-dist/target/hadoop-3.0.0-SNAPSHOT/share/hadoop/yarn/lib/fst-2.24.jar:/home/samza/projects/work2/vScaling/Hadoop-vScaling/hadoop-dist/target/hadoop-3.0.0-SNAPSHOT/share/hadoop/yarn/lib/javax.inject-1.jar:/home/samza/projects/work2/vScaling/Hadoop-vScaling/hadoop-dist/target/hadoop-3.0.0-SNAPSHOT/share/hadoop/yarn/lib/jersey-client-1.9.jar:/home/samza/projects/work2/vScaling/Hadoop-vScaling/hadoop-dist/target/hadoop-3.0.0-SNAPSHOT/share/hadoop/yarn/lib/javassist-3.18.1-GA.jar:/home/samza/projects/work2/vScaling/Hadoop-vScaling/hadoop-dist/target/hadoop-3.0.0-SNAPSHOT/share/hadoop/yarn/lib/guice-3.0.jar:/home/samza/projects/work2/vScaling/Hadoop-vScaling/hadoop-dist/target/hadoop-3.0.0-SNAPSHOT/share/hadoop/yarn/lib/jersey-guice-1.9.jar:/home/samza/projects/work2/vScaling/Hadoop-vScaling/hadoop-dist/target/hadoop-3.0.0-SNAPSHOT/share/hadoop/yarn/lib/aopalliance-1.0.jar:/home/samza/projects/work2/vScaling/Hadoop-vScaling/hadoop-dist/target/hadoop-3.0.0-SNAPSHOT/share/hadoop/yarn/lib/zookeeper-3.4.6-tests.jar:/home/samza/projects/work2/vScaling/Hadoop-vScaling/hadoop-dist/target/hadoop-3.0.0-SNAPSHOT/share/hadoop/yarn/lib/objenesis-2.1.jar:/home/samza/projects/work2/vScaling/Hadoop-vScaling/hadoop-dist/target/hadoop-3.0.0-SNAPSHOT/share/hadoop/yarn/lib/guice-servlet-3.0.jar:/home/samza/projects/work2/vScaling/Hadoop-vScaling/hadoop-dist/target/hadoop-3.0.0-SNAPSHOT/share/hadoop/yarn/lib/curator-test-2.7.1.jar:/home/samza/projects/work2/vScaling/Hadoop-vScaling/hadoop-dist/target/hadoop-3.0.0-SNAPSHOT/share/hadoop/yarn/lib/commons-math-2.2.jar:/home/samza/projects/work2/vScaling/Hadoop-vScaling/hadoop-dist/target/hadoop-3.0.0-SNAPSHOT/share/hadoop/yarn/hadoop-yarn-applications-distributedshell-3.0.0-SNAPSHOT.jar:/home/samza/projects/work2/vScaling/Hadoop-vScaling/hadoop-dist/target/hadoop-3.0.0-SNAPSHOT/share/hadoop/yarn/hadoop-yarn-server-tests-3.0.0-SNAPSHOT.jar:/home/samza/projects/work2/vScaling/Hadoop-vScaling/hadoop-dist/target/hadoop-3.0.0-SNAPSHOT/share/hadoop/yarn/hadoop-yarn-server-applicationhistoryservice-3.0.0-SNAPSHOT.jar:/home/samza/projects/work2/vScaling/Hadoop-vScaling/hadoop-dist/target/hadoop-3.0.0-SNAPSHOT/share/hadoop/yarn/hadoop-yarn-client-3.0.0-SNAPSHOT.jar:/home/samza/projects/work2/vScaling/Hadoop-vScaling/hadoop-dist/target/hadoop-3.0.0-SNAPSHOT/share/hadoop/yarn/hadoop-yarn-api-3.0.0-SNAPSHOT.jar:/home/samza/projects/work2/vScaling/Hadoop-vScaling/hadoop-dist/target/hadoop-3.0.0-SNAPSHOT/share/hadoop/yarn/hadoop-yarn-applications-unmanaged-am-launcher-3.0.0-SNAPSHOT.jar:/home/samza/projects/work2/vScaling/Hadoop-vScaling/hadoop-dist/target/hadoop-3.0.0-SNAPSHOT/share/hadoop/yarn/hadoop-yarn-server-nodemanager-3.0.0-SNAPSHOT.jar:/home/samza/projects/work2/vScaling/Hadoop-vScaling/hadoop-dist/target/hadoop-3.0.0-SNAPSHOT/share/hadoop/yarn/hadoop-yarn-server-web-proxy-3.0.0-SNAPSHOT.jar:/home/samza/projects/work2/vScaling/Hadoop-vScaling/hadoop-dist/target/hadoop-3.0.0-SNAPSHOT/share/hadoop/yarn/hadoop-yarn-server-sharedcachemanager-3.0.0-SNAPSHOT.jar:/home/samza/projects/work2/vScaling/Hadoop-vScaling/hadoop-dist/target/hadoop-3.0.0-SNAPSHOT/share/hadoop/yarn/hadoop-yarn-registry-3.0.0-SNAPSHOT.jar:/home/samza/projects/work2/vScaling/Hadoop-vScaling/hadoop-dist/target/hadoop-3.0.0-SNAPSHOT/share/hadoop/yarn/hadoop-yarn-server-resourcemanager-3.0.0-SNAPSHOT.jar:/home/samza/projects/work2/vScaling/Hadoop-vScaling/hadoop-dist/target/hadoop-3.0.0-SNAPSHOT/share/hadoop/yarn/hadoop-yarn-common-3.0.0-SNAPSHOT.jar:/home/samza/projects/work2/vScaling/Hadoop-vScaling/hadoop-dist/target/hadoop-3.0.0-SNAPSHOT/share/hadoop/yarn/hadoop-yarn-server-common-3.0.0-SNAPSHOT.jar
STARTUP_MSG:   build = https://github.com/RG-Dou/Hadoop-YarnVerticalScaling -r 111fb61547cd27b79c6e17bc7b6fcfa55ffc807a; compiled by 'samza' on 2022-04-21T13:05Z
STARTUP_MSG:   java = 1.8.0_312
************************************************************/
2022-04-23 15:25:26,892 INFO org.apache.hadoop.yarn.server.resourcemanager.ResourceManager: registered UNIX signal handlers for [TERM, HUP, INT]
2022-04-23 15:25:27,087 INFO org.apache.hadoop.conf.Configuration: found resource core-site.xml at file:/home/samza/projects/work2/vScaling/Hadoop-vScaling/hadoop-dist/target/hadoop-3.0.0-SNAPSHOT/etc/hadoop/core-site.xml
2022-04-23 15:25:27,115 WARN org.apache.hadoop.util.NativeCodeLoader: Unable to load native-hadoop library for your platform... using builtin-java classes where applicable
2022-04-23 15:25:27,134 INFO org.apache.hadoop.security.Groups: clearing userToGroupsMap cache
2022-04-23 15:25:27,179 INFO org.apache.hadoop.conf.Configuration: found resource yarn-site.xml at file:/home/samza/projects/work2/vScaling/Hadoop-vScaling/hadoop-dist/target/hadoop-3.0.0-SNAPSHOT/etc/hadoop/yarn-site.xml
2022-04-23 15:25:27,269 INFO org.apache.hadoop.yarn.event.AsyncDispatcher: Registering class org.apache.hadoop.yarn.server.resourcemanager.RMFatalEventType for class org.apache.hadoop.yarn.server.resourcemanager.ResourceManager$RMFatalEventDispatcher
2022-04-23 15:25:27,307 INFO org.apache.hadoop.yarn.server.resourcemanager.security.NMTokenSecretManagerInRM: NMTokenKeyRollingInterval: 86400000ms and NMTokenKeyActivationDelay: 900000ms
2022-04-23 15:25:27,310 INFO org.apache.hadoop.yarn.server.resourcemanager.security.RMContainerTokenSecretManager: ContainerTokenKeyRollingInterval: 86400000ms and ContainerTokenKeyActivationDelay: 900000ms
2022-04-23 15:25:27,313 INFO org.apache.hadoop.yarn.server.resourcemanager.security.AMRMTokenSecretManager: AMRMTokenKeyRollingInterval: 86400000ms and AMRMTokenKeyActivationDelay: 900000 ms
2022-04-23 15:25:27,334 INFO org.apache.hadoop.yarn.event.AsyncDispatcher: Registering class org.apache.hadoop.yarn.server.resourcemanager.recovery.RMStateStoreEventType for class org.apache.hadoop.yarn.server.resourcemanager.recovery.RMStateStore$ForwardingEventHandler
2022-04-23 15:25:27,335 INFO org.apache.hadoop.yarn.event.AsyncDispatcher: Registering class org.apache.hadoop.yarn.server.resourcemanager.NodesListManagerEventType for class org.apache.hadoop.yarn.server.resourcemanager.NodesListManager
2022-04-23 15:25:27,335 INFO org.apache.hadoop.yarn.server.resourcemanager.ResourceManager: Using Scheduler: org.apache.hadoop.yarn.server.resourcemanager.scheduler.capacity.CapacityScheduler
2022-04-23 15:25:27,349 INFO org.apache.hadoop.yarn.event.AsyncDispatcher: Registering class org.apache.hadoop.yarn.server.resourcemanager.scheduler.event.SchedulerEventType for class org.apache.hadoop.yarn.server.resourcemanager.ResourceManager$SchedulerEventDispatcher
2022-04-23 15:25:27,349 INFO org.apache.hadoop.yarn.event.AsyncDispatcher: Registering class org.apache.hadoop.yarn.server.resourcemanager.rmapp.RMAppEventType for class org.apache.hadoop.yarn.server.resourcemanager.ResourceManager$ApplicationEventDispatcher
2022-04-23 15:25:27,350 INFO org.apache.hadoop.yarn.event.AsyncDispatcher: Registering class org.apache.hadoop.yarn.server.resourcemanager.rmapp.attempt.RMAppAttemptEventType for class org.apache.hadoop.yarn.server.resourcemanager.ResourceManager$ApplicationAttemptEventDispatcher
2022-04-23 15:25:27,350 INFO org.apache.hadoop.yarn.event.AsyncDispatcher: Registering class org.apache.hadoop.yarn.server.resourcemanager.rmnode.RMNodeEventType for class org.apache.hadoop.yarn.server.resourcemanager.ResourceManager$NodeEventDispatcher
2022-04-23 15:25:27,381 INFO org.apache.hadoop.metrics2.impl.MetricsConfig: loaded properties from hadoop-metrics2.properties
2022-04-23 15:25:27,438 INFO org.apache.hadoop.metrics2.impl.MetricsSystemImpl: Scheduled snapshot period at 10 second(s).
2022-04-23 15:25:27,438 INFO org.apache.hadoop.metrics2.impl.MetricsSystemImpl: ResourceManager metrics system started
2022-04-23 15:25:27,448 INFO org.apache.hadoop.yarn.event.AsyncDispatcher: Registering class org.apache.hadoop.yarn.server.resourcemanager.RMAppManagerEventType for class org.apache.hadoop.yarn.server.resourcemanager.RMAppManager
2022-04-23 15:25:27,452 INFO org.apache.hadoop.yarn.event.AsyncDispatcher: Registering class org.apache.hadoop.yarn.server.resourcemanager.amlauncher.AMLauncherEventType for class org.apache.hadoop.yarn.server.resourcemanager.amlauncher.ApplicationMasterLauncher
2022-04-23 15:25:27,454 INFO org.apache.hadoop.yarn.server.resourcemanager.RMNMInfo: Registered RMNMInfo MBean
2022-04-23 15:25:27,458 INFO org.apache.hadoop.yarn.security.YarnAuthorizationProvider: org.apache.hadoop.yarn.security.ConfiguredYarnAuthorizer is instiantiated.
2022-04-23 15:25:27,458 INFO org.apache.hadoop.util.HostsFileReader: Refreshing hosts (include/exclude) list
2022-04-23 15:25:27,464 INFO org.apache.hadoop.conf.Configuration: found resource capacity-scheduler.xml at file:/home/samza/projects/work2/vScaling/Hadoop-vScaling/hadoop-dist/target/hadoop-3.0.0-SNAPSHOT/etc/hadoop/capacity-scheduler.xml
2022-04-23 15:25:27,496 INFO org.apache.hadoop.yarn.server.resourcemanager.scheduler.capacity.CapacitySchedulerConfiguration: max alloc mb per queue for root is undefined
2022-04-23 15:25:27,496 INFO org.apache.hadoop.yarn.server.resourcemanager.scheduler.capacity.CapacitySchedulerConfiguration: max alloc vcore per queue for root is undefined
2022-04-23 15:25:27,504 INFO org.apache.hadoop.yarn.server.resourcemanager.scheduler.capacity.ParentQueue: root, capacity=1.0, asboluteCapacity=1.0, maxCapacity=1.0, asboluteMaxCapacity=1.0, state=RUNNING, acls=SUBMIT_APP:*ADMINISTER_QUEUE:*, labels=*,
, reservationsContinueLooking=true
2022-04-23 15:25:27,504 INFO org.apache.hadoop.yarn.server.resourcemanager.scheduler.capacity.ParentQueue: Initialized parent-queue root name=root, fullname=root
2022-04-23 15:25:27,509 INFO org.apache.hadoop.yarn.server.resourcemanager.scheduler.capacity.CapacitySchedulerConfiguration: max alloc mb per queue for root.default is undefined
2022-04-23 15:25:27,509 INFO org.apache.hadoop.yarn.server.resourcemanager.scheduler.capacity.CapacitySchedulerConfiguration: max alloc vcore per queue for root.default is undefined
2022-04-23 15:25:27,512 INFO org.apache.hadoop.yarn.server.resourcemanager.scheduler.capacity.LeafQueue: Initializing default
capacity = 1.0 [= (float) configuredCapacity / 100 ]
asboluteCapacity = 1.0 [= parentAbsoluteCapacity * capacity ]
maxCapacity = 1.0 [= configuredMaxCapacity ]
absoluteMaxCapacity = 1.0 [= 1.0 maximumCapacity undefined, (parentAbsoluteMaxCapacity * maximumCapacity) / 100 otherwise ]
userLimit = 100 [= configuredUserLimit ]
userLimitFactor = 1.0 [= configuredUserLimitFactor ]
maxApplications = 10000 [= configuredMaximumSystemApplicationsPerQueue or (int)(configuredMaximumSystemApplications * absoluteCapacity)]
maxApplicationsPerUser = 10000 [= (int)(maxApplications * (userLimit / 100.0f) * userLimitFactor) ]
usedCapacity = 0.0 [= usedResourcesMemory / (clusterResourceMemory * absoluteCapacity)]
absoluteUsedCapacity = 0.0 [= usedResourcesMemory / clusterResourceMemory]
maxAMResourcePerQueuePercent = 0.1 [= configuredMaximumAMResourcePercent ]
minimumAllocationFactor = 0.99993896 [= (float)(maximumAllocationMemory - minimumAllocationMemory) / maximumAllocationMemory ]
maximumAllocation = <memory:16384, vCores:16> [= configuredMaxAllocation ]
numContainers = 0 [= currentNumContainers ]
state = RUNNING [= configuredState ]
acls = SUBMIT_APP:*ADMINISTER_QUEUE:* [= configuredAcls ]
nodeLocalityDelay = 40
labels=*,
nodeLocalityDelay = 40
reservationsContinueLooking = true
preemptionDisabled = true
defaultAppPriorityPerQueue = 0
2022-04-23 15:25:27,512 INFO org.apache.hadoop.yarn.server.resourcemanager.scheduler.capacity.CapacityScheduler: Initialized queue: default: capacity=1.0, absoluteCapacity=1.0, usedResources=<memory:0, vCores:0>, usedCapacity=0.0, absoluteUsedCapacity=0.0, numApps=0, numContainers=0
2022-04-23 15:25:27,512 INFO org.apache.hadoop.yarn.server.resourcemanager.scheduler.capacity.CapacityScheduler: Initialized queue: root: numChildQueue= 1, capacity=1.0, absoluteCapacity=1.0, usedResources=<memory:0, vCores:0>usedCapacity=0.0, numApps=0, numContainers=0
2022-04-23 15:25:27,512 INFO org.apache.hadoop.yarn.server.resourcemanager.scheduler.capacity.CapacityScheduler: Initialized root queue root: numChildQueue= 1, capacity=1.0, absoluteCapacity=1.0, usedResources=<memory:0, vCores:0>usedCapacity=0.0, numApps=0, numContainers=0
2022-04-23 15:25:27,512 INFO org.apache.hadoop.yarn.server.resourcemanager.scheduler.capacity.CapacityScheduler: Initialized queue mappings, override: false
2022-04-23 15:25:27,513 INFO org.apache.hadoop.yarn.server.resourcemanager.scheduler.capacity.CapacityScheduler: Initialized CapacityScheduler with calculator=class org.apache.hadoop.yarn.util.resource.DominantResourceCalculator, minimumAllocation=<<memory:1, vCores:1>>, maximumAllocation=<<memory:16384, vCores:16>>, asynchronousScheduling=false, asyncScheduleInterval=5ms
2022-04-23 15:25:27,520 INFO org.apache.hadoop.yarn.server.resourcemanager.metrics.SystemMetricsPublisher: YARN system metrics publishing service is not enabled
2022-04-23 15:25:27,521 INFO org.apache.hadoop.yarn.server.resourcemanager.ResourceManager: Transitioning to active state
2022-04-23 15:25:27,532 INFO org.apache.hadoop.yarn.server.resourcemanager.recovery.RMStateStore: Updating AMRMToken
2022-04-23 15:25:27,532 INFO org.apache.hadoop.yarn.server.resourcemanager.security.RMContainerTokenSecretManager: Rolling master-key for container-tokens
2022-04-23 15:25:27,532 INFO org.apache.hadoop.yarn.server.resourcemanager.security.NMTokenSecretManagerInRM: Rolling master-key for nm-tokens
2022-04-23 15:25:27,533 INFO org.apache.hadoop.security.token.delegation.AbstractDelegationTokenSecretManager: Updating the current master key for generating delegation tokens
2022-04-23 15:25:27,533 INFO org.apache.hadoop.yarn.server.resourcemanager.security.RMDelegationTokenSecretManager: storing master key with keyID 1
2022-04-23 15:25:27,533 INFO org.apache.hadoop.yarn.server.resourcemanager.recovery.RMStateStore: Storing RMDTMasterKey.
2022-04-23 15:25:27,534 INFO org.apache.hadoop.security.token.delegation.AbstractDelegationTokenSecretManager: Starting expired delegation token remover thread, tokenRemoverScanInterval=60 min(s)
2022-04-23 15:25:27,534 INFO org.apache.hadoop.security.token.delegation.AbstractDelegationTokenSecretManager: Updating the current master key for generating delegation tokens
2022-04-23 15:25:27,534 INFO org.apache.hadoop.yarn.server.resourcemanager.security.RMDelegationTokenSecretManager: storing master key with keyID 2
2022-04-23 15:25:27,534 INFO org.apache.hadoop.yarn.server.resourcemanager.recovery.RMStateStore: Storing RMDTMasterKey.
2022-04-23 15:25:27,535 INFO org.apache.hadoop.yarn.event.AsyncDispatcher: Registering class org.apache.hadoop.yarn.nodelabels.event.NodeLabelsStoreEventType for class org.apache.hadoop.yarn.nodelabels.CommonNodeLabelsManager$ForwardingEventHandler
2022-04-23 15:25:27,555 INFO org.apache.hadoop.ipc.CallQueueManager: Using callQueue class java.util.concurrent.LinkedBlockingQueue
2022-04-23 15:25:27,563 INFO org.apache.hadoop.ipc.Server: Starting Socket Reader #1 for port 8031
2022-04-23 15:25:27,572 INFO org.apache.hadoop.yarn.factories.impl.pb.RpcServerFactoryPBImpl: Adding protocol org.apache.hadoop.yarn.server.api.ResourceTrackerPB to the server
2022-04-23 15:25:27,573 INFO org.apache.hadoop.ipc.Server: IPC Server Responder: starting
2022-04-23 15:25:27,573 INFO org.apache.hadoop.ipc.Server: IPC Server listener on 8031: starting
2022-04-23 15:25:27,615 INFO org.apache.hadoop.ipc.CallQueueManager: Using callQueue class java.util.concurrent.LinkedBlockingQueue
2022-04-23 15:25:27,620 INFO org.apache.hadoop.ipc.Server: Starting Socket Reader #1 for port 8030
2022-04-23 15:25:27,626 INFO org.apache.hadoop.yarn.factories.impl.pb.RpcServerFactoryPBImpl: Adding protocol org.apache.hadoop.yarn.api.ApplicationMasterProtocolPB to the server
2022-04-23 15:25:27,626 INFO org.apache.hadoop.ipc.Server: IPC Server Responder: starting
2022-04-23 15:25:27,626 INFO org.apache.hadoop.ipc.Server: IPC Server listener on 8030: starting
2022-04-23 15:25:27,669 INFO org.apache.hadoop.ipc.CallQueueManager: Using callQueue class java.util.concurrent.LinkedBlockingQueue
2022-04-23 15:25:27,669 INFO org.apache.hadoop.ipc.Server: Starting Socket Reader #1 for port 8032
2022-04-23 15:25:27,671 INFO org.apache.hadoop.yarn.factories.impl.pb.RpcServerFactoryPBImpl: Adding protocol org.apache.hadoop.yarn.api.ApplicationClientProtocolPB to the server
2022-04-23 15:25:27,671 INFO org.apache.hadoop.ipc.Server: IPC Server Responder: starting
2022-04-23 15:25:27,671 INFO org.apache.hadoop.ipc.Server: IPC Server listener on 8032: starting
2022-04-23 15:25:27,681 INFO org.apache.hadoop.yarn.server.resourcemanager.ResourceManager: Transitioned to active state
2022-04-23 15:25:27,737 INFO org.mortbay.log: Logging to org.slf4j.impl.Log4jLoggerAdapter(org.mortbay.log) via org.mortbay.log.Slf4jLog
2022-04-23 15:25:27,742 INFO org.apache.hadoop.security.authentication.server.AuthenticationFilter: Unable to initialize FileSignerSecretProvider, falling back to use random secrets.
2022-04-23 15:25:27,745 INFO org.apache.hadoop.http.HttpRequestLog: Http request log for http.requests.resourcemanager is not defined
2022-04-23 15:25:27,751 INFO org.apache.hadoop.http.HttpServer2: Added global filter 'safety' (class=org.apache.hadoop.http.HttpServer2$QuotingInputFilter)
2022-04-23 15:25:27,753 INFO org.apache.hadoop.http.HttpServer2: Added filter RMAuthenticationFilter (class=org.apache.hadoop.yarn.server.security.http.RMAuthenticationFilter) to context cluster
2022-04-23 15:25:27,753 INFO org.apache.hadoop.http.HttpServer2: Added filter RMAuthenticationFilter (class=org.apache.hadoop.yarn.server.security.http.RMAuthenticationFilter) to context static
2022-04-23 15:25:27,753 INFO org.apache.hadoop.http.HttpServer2: Added filter RMAuthenticationFilter (class=org.apache.hadoop.yarn.server.security.http.RMAuthenticationFilter) to context logs
2022-04-23 15:25:27,753 INFO org.apache.hadoop.http.HttpServer2: Added filter static_user_filter (class=org.apache.hadoop.http.lib.StaticUserWebFilter$StaticUserFilter) to context cluster
2022-04-23 15:25:27,753 INFO org.apache.hadoop.http.HttpServer2: Added filter static_user_filter (class=org.apache.hadoop.http.lib.StaticUserWebFilter$StaticUserFilter) to context static
2022-04-23 15:25:27,753 INFO org.apache.hadoop.http.HttpServer2: Added filter static_user_filter (class=org.apache.hadoop.http.lib.StaticUserWebFilter$StaticUserFilter) to context logs
2022-04-23 15:25:27,755 INFO org.apache.hadoop.http.HttpServer2: adding path spec: /cluster/*
2022-04-23 15:25:27,756 INFO org.apache.hadoop.http.HttpServer2: adding path spec: /ws/*
2022-04-23 15:25:27,762 INFO org.apache.hadoop.http.HttpServer2: Jetty bound to port 8088
2022-04-23 15:25:27,762 INFO org.mortbay.log: jetty-6.1.26
2022-04-23 15:25:27,778 INFO org.mortbay.log: Extract jar:file:/home/samza/projects/work2/vScaling/Hadoop-vScaling/hadoop-dist/target/hadoop-3.0.0-SNAPSHOT/share/hadoop/yarn/hadoop-yarn-common-3.0.0-SNAPSHOT.jar!/webapps/cluster to /tmp/Jetty_0_0_0_0_8088_cluster____u0rgz3/webapp
2022-04-23 15:25:27,882 INFO org.apache.hadoop.security.token.delegation.AbstractDelegationTokenSecretManager: Updating the current master key for generating delegation tokens
2022-04-23 15:25:27,883 INFO org.apache.hadoop.security.token.delegation.AbstractDelegationTokenSecretManager: Starting expired delegation token remover thread, tokenRemoverScanInterval=60 min(s)
2022-04-23 15:25:27,883 INFO org.apache.hadoop.security.token.delegation.AbstractDelegationTokenSecretManager: Updating the current master key for generating delegation tokens
2022-04-23 15:25:27,888 INFO org.mortbay.log: Started SelectChannelConnector@0.0.0.0:8088
2022-04-23 15:25:27,888 INFO org.apache.hadoop.yarn.webapp.WebApps: Web app /cluster started at 8088
2022-04-23 15:25:28,136 INFO org.apache.hadoop.yarn.webapp.WebApps: Registered webapp guice modules
2022-04-23 15:25:28,153 INFO org.apache.hadoop.ipc.CallQueueManager: Using callQueue class java.util.concurrent.LinkedBlockingQueue
2022-04-23 15:25:28,154 INFO org.apache.hadoop.ipc.Server: Starting Socket Reader #1 for port 8033
2022-04-23 15:25:28,155 INFO org.apache.hadoop.yarn.factories.impl.pb.RpcServerFactoryPBImpl: Adding protocol org.apache.hadoop.yarn.server.api.ResourceManagerAdministrationProtocolPB to the server
2022-04-23 15:25:28,155 INFO org.apache.hadoop.ipc.Server: IPC Server Responder: starting
2022-04-23 15:25:28,155 INFO org.apache.hadoop.ipc.Server: IPC Server listener on 8033: starting
2022-04-23 15:25:31,212 INFO org.apache.hadoop.yarn.server.resourcemanager.ResourceTrackerService: NodeManager from node dragon(cmPort: 35479 httpPort: 8042) registered with capability: <memory:65536, vCores:50>, assigned nodeId dragon:35479
2022-04-23 15:25:31,215 INFO org.apache.hadoop.yarn.server.resourcemanager.rmnode.RMNodeImpl: dragon:35479 Node Transitioned from NEW to RUNNING
2022-04-23 15:25:31,218 INFO org.apache.hadoop.yarn.server.resourcemanager.scheduler.capacity.CapacityScheduler: Added node dragon:35479 clusterResource: <memory:65536, vCores:50>
2022-04-23 15:35:27,463 INFO org.apache.hadoop.yarn.server.resourcemanager.scheduler.AbstractYarnScheduler: Release request cache is cleaned up
